TN:
SF:db/dbConfig.js
FNF:0
FNH:0
DA:1,1
DA:2,1
DA:3,1
DA:4,1
DA:5,1
DA:6,1
DA:7,1
DA:8,1
DA:9,1
DA:10,1
DA:11,1
DA:12,1
DA:13,1
DA:14,1
DA:15,1
DA:16,1
DA:17,1
DA:18,1
DA:19,1
DA:20,1
LF:20
LH:20
BRF:0
BRH:0
end_of_record
TN:
SF:queries/transactions.js
FN:3,getTransactionsByUserId
FN:17,addNewTransaction
FN:33,deleteTransaction
FN:46,updateTransaction
FNF:4
FNH:3
FNDA:4,getTransactionsByUserId
FNDA:3,addNewTransaction
FNDA:3,deleteTransaction
FNDA:0,updateTransaction
DA:1,1
DA:2,1
DA:3,1
DA:4,4
DA:5,1
DA:6,1
DA:7,3
DA:8,3
DA:9,3
DA:10,2
DA:11,2
DA:12,4
DA:13,1
DA:14,1
DA:15,4
DA:16,1
DA:17,1
DA:18,3
DA:19,3
DA:20,3
DA:21,3
DA:22,1
DA:23,1
DA:24,2
DA:25,2
DA:26,1
DA:27,1
DA:28,3
DA:29,2
DA:30,2
DA:31,3
DA:32,1
DA:33,1
DA:34,3
DA:35,1
DA:36,1
DA:37,2
DA:38,2
DA:39,2
DA:40,1
DA:41,1
DA:42,1
DA:43,1
DA:44,3
DA:45,1
DA:46,1
DA:47,0
DA:48,0
DA:49,0
DA:50,0
DA:51,0
DA:52,0
DA:53,0
DA:54,0
DA:55,0
DA:56,0
DA:57,1
DA:58,1
DA:59,1
DA:60,1
LF:60
LH:50
BRDA:3,0,0,4
BRDA:4,1,0,1
BRDA:6,2,0,3
BRDA:10,3,0,2
BRDA:12,4,0,1
BRDA:17,5,0,3
BRDA:21,6,0,2
BRDA:21,7,0,2
BRDA:21,8,0,2
BRDA:21,9,0,1
BRDA:23,10,0,2
BRDA:26,11,0,1
BRDA:28,12,0,2
BRDA:33,13,0,3
BRDA:34,14,0,1
BRDA:36,15,0,2
BRDA:40,16,0,1
BRF:17
BRH:17
end_of_record
