TN:
SF:db/dbConfig.js
FNF:0
FNH:0
DA:1,1
DA:2,1
DA:3,1
DA:4,1
DA:5,1
DA:6,1
DA:7,1
DA:8,1
DA:9,1
DA:10,1
DA:11,1
DA:12,1
DA:13,1
DA:14,1
DA:15,1
DA:16,1
DA:17,1
DA:18,1
DA:19,1
DA:20,1
LF:20
LH:20
BRF:0
BRH:0
end_of_record
TN:
SF:queries/transactions.js
FN:3,getTransactionsByUserId
FN:17,addNewTransaction
FN:29,deleteTransaction
FN:41,updateTransaction
FNF:4
FNH:2
FNDA:5,getTransactionsByUserId
FNDA:2,addNewTransaction
FNDA:0,deleteTransaction
FNDA:0,updateTransaction
DA:1,1
DA:2,1
DA:3,1
DA:4,5
DA:5,1
DA:6,1
DA:7,4
DA:8,4
DA:9,4
DA:10,3
DA:11,3
DA:12,5
DA:13,1
DA:14,1
DA:15,5
DA:16,1
DA:17,1
DA:18,2
DA:19,2
DA:20,2
DA:21,2
DA:22,1
DA:23,1
DA:24,1
DA:25,1
DA:26,1
DA:27,2
DA:28,1
DA:29,1
DA:30,0
DA:31,0
DA:32,0
DA:33,0
DA:34,0
DA:35,0
DA:36,0
DA:37,0
DA:38,0
DA:39,0
DA:40,1
DA:41,1
DA:42,0
DA:43,0
DA:44,0
DA:45,0
DA:46,0
DA:47,0
DA:48,0
DA:49,0
DA:50,0
DA:51,0
DA:52,1
DA:53,1
DA:54,1
DA:55,1
LF:55
LH:35
BRDA:3,0,0,5
BRDA:4,1,0,1
BRDA:6,2,0,4
BRDA:10,3,0,3
BRDA:12,4,0,1
BRDA:17,5,0,2
BRDA:22,6,0,1
BRF:7
BRH:7
end_of_record
